2023-11-11 14:32:58,033 [INFO] Activator:176 - 


2023-11-11 14:32:58,035 [INFO] Activator:177 - !SESSION log4j initialized
2023-11-11 14:33:00,561 [INFO] LogOutputStream:77 - [STDOUT_REDIRECT] 
2023-11-11 14:33:02,780 [INFO] ApplicationProperties:184 - Using Application install path: C:\ST\STM32CubeIDE_1.13.2\STM32CubeIDE\plugins\com.st.stm32cube.common.mx_6.9.2.202309101412
2023-11-11 14:33:02,796 [INFO] DbMcusXml:78 - Set database path to: C:\ST\STM32CubeIDE_1.13.2\STM32CubeIDE\plugins\com.st.stm32cube.common.mx_6.9.2.202309101412\\db\/mcu/
2023-11-11 14:33:02,796 [INFO] ApiDb:274 - Set plugin database path to: C:\ST\STM32CubeIDE_1.13.2\STM32CubeIDE\plugins\com.st.stm32cube.common.mx_6.9.2.202309101412\\db\/plugins/boardmanager/
2023-11-11 14:33:02,797 [WARN] ApiDb:259 - Overriding images path with different value:  => C:\ST\STM32CubeIDE_1.13.2\STM32CubeIDE\plugins\com.st.stm32cube.common.mx_6.9.2.202309101412\\db\/plugins/mcufinder/images/
2023-11-11 14:33:02,806 [INFO] ApiDb:250 - Set database path to: C:\Users\Admin\.stmcufinder\plugins\mcufinder//mcu/
2023-11-11 14:33:02,807 [INFO] DbMcusAds:125 - Set database path to: C:\Users\Admin\.stmcufinder\plugins\mcufinder//mcu/
2023-11-11 14:33:02,810 [INFO] CrossReferenceDbSqlite:203 - Set database path to: C:\Users\Admin\.stmcufinder\plugins\mcufinder//mcu/cs/
2023-11-11 14:33:02,935 [INFO] RulesReader:64 - Compatibility file has been processed (293 Rules)
2023-11-11 14:33:03,000 [INFO] DbMcusXml:78 - Set database path to: C:\ST\STM32CubeIDE_1.13.2\STM32CubeIDE\plugins\com.st.stm32cube.common.mx_6.9.2.202309101412\\db\/mcu/
2023-11-11 14:33:03,001 [INFO] ApiDb:274 - Set plugin database path to: C:\ST\STM32CubeIDE_1.13.2\STM32CubeIDE\plugins\com.st.stm32cube.common.mx_6.9.2.202309101412\\db\/plugins/boardmanager/
2023-11-11 14:33:03,001 [INFO] ApiDb:261 - Set plugin images path to: C:\ST\STM32CubeIDE_1.13.2\STM32CubeIDE\plugins\com.st.stm32cube.common.mx_6.9.2.202309101412\\db\/plugins/mcufinder/images/
2023-11-11 14:33:03,001 [WARN] DbFile:41 - Overriding database path with different value: C:\Users\Admin\.stmcufinder\plugins\mcufinder/ => C:\Users\Admin\.stmcufinder\plugins\mcufinder
2023-11-11 14:33:03,001 [INFO] ApiDb:250 - Set database path to: C:\Users\Admin\.stmcufinder\plugins\mcufinder//mcu/
2023-11-11 14:33:03,001 [WARN] DbFile:41 - Overriding database path with different value: C:\Users\Admin\.stmcufinder\plugins\mcufinder/ => C:\Users\Admin\.stmcufinder\plugins\mcufinder
2023-11-11 14:33:03,001 [INFO] DbMcusAds:125 - Set database path to: C:\Users\Admin\.stmcufinder\plugins\mcufinder//mcu/
2023-11-11 14:33:03,001 [WARN] DbFile:41 - Overriding database path with different value: C:\Users\Admin\.stmcufinder\plugins\mcufinder/ => C:\Users\Admin\.stmcufinder\plugins\mcufinder
2023-11-11 14:33:03,002 [WARN] DbFile:41 - Overriding database path with different value: C:\Users\Admin\.stmcufinder\plugins\mcufinder/ => C:\Users\Admin\.stmcufinder\plugins\mcufinder
2023-11-11 14:33:03,002 [INFO] CrossReferenceDbSqlite:203 - Set database path to: C:\Users\Admin\.stmcufinder\plugins\mcufinder//mcu/cs/
2023-11-11 14:33:03,064 [INFO] MainPanel:262 - HeapMemory: 268435456
2023-11-11 14:33:03,127 [INFO] DbMcusXml:78 - Set database path to: C:\ST\STM32CubeIDE_1.13.2\STM32CubeIDE\plugins\com.st.stm32cube.common.mx_6.9.2.202309101412\\db\/mcu/
2023-11-11 14:33:03,127 [INFO] ApiDb:274 - Set plugin database path to: C:\ST\STM32CubeIDE_1.13.2\STM32CubeIDE\plugins\com.st.stm32cube.common.mx_6.9.2.202309101412\\db\/plugins/boardmanager/
2023-11-11 14:33:03,127 [INFO] ApiDb:261 - Set plugin images path to: C:\ST\STM32CubeIDE_1.13.2\STM32CubeIDE\plugins\com.st.stm32cube.common.mx_6.9.2.202309101412\\db\/plugins/mcufinder/images/
2023-11-11 14:33:03,128 [WARN] DbFile:41 - Overriding database path with different value: C:\Users\Admin\.stmcufinder\plugins\mcufinder/ => C:\Users\Admin\.stmcufinder\plugins\mcufinder
2023-11-11 14:33:03,128 [INFO] ApiDb:250 - Set database path to: C:\Users\Admin\.stmcufinder\plugins\mcufinder//mcu/
2023-11-11 14:33:03,128 [WARN] DbFile:41 - Overriding database path with different value: C:\Users\Admin\.stmcufinder\plugins\mcufinder/ => C:\Users\Admin\.stmcufinder\plugins\mcufinder
2023-11-11 14:33:03,128 [INFO] DbMcusAds:125 - Set database path to: C:\Users\Admin\.stmcufinder\plugins\mcufinder//mcu/
2023-11-11 14:33:03,128 [WARN] DbFile:41 - Overriding database path with different value: C:\Users\Admin\.stmcufinder\plugins\mcufinder/ => C:\Users\Admin\.stmcufinder\plugins\mcufinder
2023-11-11 14:33:03,128 [WARN] DbFile:41 - Overriding database path with different value: C:\Users\Admin\.stmcufinder\plugins\mcufinder/ => C:\Users\Admin\.stmcufinder\plugins\mcufinder
2023-11-11 14:33:03,128 [INFO] CrossReferenceDbSqlite:203 - Set database path to: C:\Users\Admin\.stmcufinder\plugins\mcufinder//mcu/cs/
2023-11-11 14:33:03,143 [INFO] ApplicationProperties:184 - Using Application install path: C:\ST\STM32CubeIDE_1.13.2\STM32CubeIDE\plugins\com.st.stm32cube.common.mx_6.9.2.202309101412
2023-11-11 14:33:03,145 [INFO] PluginManage:196 - Search for loadable plugins [exclusion list=, ]
2023-11-11 14:33:03,146 [INFO] PluginManage:310 - Check plugin analytics
2023-11-11 14:33:03,285 [INFO] AnalyticsPlugin:253 - Accepted Software Licenses: 
2023-11-11 14:33:03,285 [INFO] AnalyticsPlugin:255 - Accepted CMSIS Pack Licenses: 
2023-11-11 14:33:03,285 [INFO] AnalyticsPlugin:257 - Accepted Firmware Licenses: 
2023-11-11 14:33:03,288 [INFO] PluginManage:359 - Loaded plugin analytics (category:tool,tabindex:-1)
2023-11-11 14:33:03,288 [INFO] PluginManage:310 - Check plugin cadmodel
2023-11-11 14:33:03,292 [INFO] CADModel:105 - Init CAD model plugin
2023-11-11 14:33:03,292 [INFO] PluginManage:359 - Loaded plugin cadmodel (category:power,tabindex:5)
2023-11-11 14:33:03,293 [INFO] PluginManage:310 - Check plugin clock
2023-11-11 14:33:03,301 [INFO] PluginManage:359 - Loaded plugin clock (category:base,tabindex:2)
2023-11-11 14:33:03,301 [INFO] PluginManage:310 - Check plugin ddr
2023-11-11 14:33:03,303 [INFO] PluginManage:359 - Loaded plugin ddr (category:tool,tabindex:6)
2023-11-11 14:33:03,303 [INFO] PluginManage:310 - Check plugin filemanager
2023-11-11 14:33:03,412 [INFO] PluginManage:359 - Loaded plugin filemanager (category:base,tabindex:10)
2023-11-11 14:33:03,412 [INFO] PluginManage:310 - Check plugin ipmanager
2023-11-11 14:33:03,419 [INFO] PluginManage:359 - Loaded plugin ipmanager (category:base,tabindex:5)
2023-11-11 14:33:03,419 [INFO] PluginManage:310 - Check plugin lpbam
2023-11-11 14:33:03,425 [INFO] PluginManage:359 - Loaded plugin lpbam (category:base,tabindex:0)
2023-11-11 14:33:03,425 [INFO] PluginManage:310 - Check plugin memorymap
2023-11-11 14:33:03,434 [INFO] PluginManage:359 - Loaded plugin memorymap (category:base,tabindex:4)
2023-11-11 14:33:03,434 [INFO] PluginManage:310 - Check plugin pinoutandconfiguration
2023-11-11 14:33:03,440 [INFO] PluginManage:359 - Loaded plugin pinoutandconfiguration (category:base,tabindex:1)
2023-11-11 14:33:03,440 [INFO] PluginManage:310 - Check plugin pinoutconfig
2023-11-11 14:33:03,511 [WARN] SupportedApi:132 - Cannot load RTOS API schema: s4s-elt-must-match.1: The content of 'definitions' must match (annotation?, (simpleType | complexType)?, (unique | key | keyref)*)). A problem was found starting at: attribute.
2023-11-11 14:33:03,614 [INFO] PluginManage:359 - Loaded plugin pinoutconfig (category:base,tabindex:0)
2023-11-11 14:33:03,614 [INFO] PluginManage:310 - Check plugin power
2023-11-11 14:33:03,619 [INFO] PluginManage:359 - Loaded plugin power (category:power,tabindex:4)
2023-11-11 14:33:03,620 [INFO] PluginManage:310 - Check plugin projectmanager
2023-11-11 14:33:03,630 [INFO] PluginManage:359 - Loaded plugin projectmanager (category:projectmanager,tabindex:3)
2023-11-11 14:33:03,630 [INFO] PluginManage:310 - Check plugin thirdparty
2023-11-11 14:33:03,754 [INFO] PluginManage:359 - Loaded plugin thirdparty (category:base,tabindex:-1)
2023-11-11 14:33:03,754 [WARN] IntegrityCheckThread:84 - waiting for thirdparty lock release [integrity check]
2023-11-11 14:33:03,754 [INFO] IntegrityCheckThread:86 - entering critical section [integrity check]
2023-11-11 14:33:03,754 [INFO] PluginManage:310 - Check plugin tools
2023-11-11 14:33:03,755 [INFO] ThirdPartyUpdaterWithRetryManager:70 - Updater plugin not ready yet. [1/15]
2023-11-11 14:33:03,757 [INFO] PluginManage:359 - Loaded plugin tools (category:base,tabindex:7)
2023-11-11 14:33:03,758 [INFO] PluginManage:310 - Check plugin tutovideos
2023-11-11 14:33:03,897 [INFO] PluginManage:359 - Loaded plugin tutovideos (category:base,tabindex:-1)
2023-11-11 14:33:03,897 [INFO] PluginManage:310 - Check plugin updater
2023-11-11 14:33:03,906 [INFO] PluginManage:359 - Loaded plugin updater (category:base,tabindex:12)
2023-11-11 14:33:03,906 [INFO] PluginManage:310 - Check plugin userauth
2023-11-11 14:33:03,910 [INFO] UserAuth:113 - Init User Auth plugin
2023-11-11 14:33:03,910 [INFO] PluginManage:359 - Loaded plugin userauth (category:base,tabindex:14)
2023-11-11 14:33:03,910 [INFO] PluginManage:283 - PluginManage : Loaded plugins [17]
2023-11-11 14:33:04,101 [INFO] PinOutPanel:1499 - setPackage(No Configuration,No Configuration)
2023-11-11 14:33:04,230 [INFO] CADModel:165 - CPN selected for project level
2023-11-11 14:33:04,230 [INFO] CADModel:114 - Register for checkConnection events
2023-11-11 14:33:04,242 [INFO] IPUIPlugin:80 - create IPUIPlugin
2023-11-11 14:33:04,242 [INFO] PluginManager:220 - loadIPPluginJar : add adc
2023-11-11 14:33:04,244 [INFO] IPUIPlugin:80 - create IPUIPlugin
2023-11-11 14:33:04,244 [INFO] PluginManager:220 - loadIPPluginJar : add aes
2023-11-11 14:33:04,246 [INFO] IPUIPlugin:80 - create IPUIPlugin
2023-11-11 14:33:04,247 [INFO] PluginManager:220 - loadIPPluginJar : add can
2023-11-11 14:33:04,248 [INFO] IPUIPlugin:80 - create IPUIPlugin
2023-11-11 14:33:04,248 [INFO] PluginManager:220 - loadIPPluginJar : add comp
2023-11-11 14:33:04,250 [INFO] IPUIPlugin:80 - create IPUIPlugin
2023-11-11 14:33:04,250 [INFO] PluginManager:220 - loadIPPluginJar : add cryp
2023-11-11 14:33:04,252 [INFO] IPUIPlugin:80 - create IPUIPlugin
2023-11-11 14:33:04,252 [INFO] PluginManager:220 - loadIPPluginJar : add dfsdm
2023-11-11 14:33:04,256 [INFO] IPUIPlugin:80 - create IPUIPlugin
2023-11-11 14:33:04,257 [INFO] PluginManager:220 - loadIPPluginJar : add dma
2023-11-11 14:33:04,258 [INFO] IPUIPlugin:80 - create IPUIPlugin
2023-11-11 14:33:04,258 [INFO] PluginManager:220 - loadIPPluginJar : add dma3
2023-11-11 14:33:04,259 [INFO] IPUIPlugin:80 - create IPUIPlugin
2023-11-11 14:33:04,260 [INFO] PluginManager:220 - loadIPPluginJar : add fatfs
2023-11-11 14:33:04,263 [INFO] IPUIPlugin:80 - create IPUIPlugin
2023-11-11 14:33:04,263 [INFO] PluginManager:220 - loadIPPluginJar : add fmc
2023-11-11 14:33:04,268 [INFO] IPUIPlugin:80 - create IPUIPlugin
2023-11-11 14:33:04,268 [INFO] PluginManager:220 - loadIPPluginJar : add freertos
2023-11-11 14:33:04,270 [INFO] IPUIPlugin:80 - create IPUIPlugin
2023-11-11 14:33:04,270 [INFO] PluginManager:220 - loadIPPluginJar : add genericplugin
2023-11-11 14:33:04,271 [INFO] IPUIPlugin:80 - create IPUIPlugin
2023-11-11 14:33:04,272 [INFO] PluginManager:220 - loadIPPluginJar : add gfxmmu
2023-11-11 14:33:04,277 [INFO] IPUIPlugin:80 - create IPUIPlugin
2023-11-11 14:33:04,278 [INFO] PluginManager:220 - loadIPPluginJar : add gic
2023-11-11 14:33:04,281 [INFO] IPUIPlugin:80 - create IPUIPlugin
2023-11-11 14:33:04,281 [INFO] PluginManager:220 - loadIPPluginJar : add gpio
2023-11-11 14:33:04,284 [INFO] IPUIPlugin:80 - create IPUIPlugin
2023-11-11 14:33:04,284 [INFO] PluginManager:220 - loadIPPluginJar : add gtzc
2023-11-11 14:33:04,286 [INFO] IPUIPlugin:80 - create IPUIPlugin
2023-11-11 14:33:04,286 [INFO] PluginManager:220 - loadIPPluginJar : add hash
2023-11-11 14:33:04,287 [INFO] IPUIPlugin:80 - create IPUIPlugin
2023-11-11 14:33:04,287 [INFO] PluginManager:220 - loadIPPluginJar : add i2c
2023-11-11 14:33:04,289 [INFO] IPUIPlugin:80 - create IPUIPlugin
2023-11-11 14:33:04,289 [INFO] PluginManager:220 - loadIPPluginJar : add i2s
2023-11-11 14:33:04,292 [INFO] IPUIPlugin:80 - create IPUIPlugin
2023-11-11 14:33:04,292 [INFO] PluginManager:220 - loadIPPluginJar : add i3c
2023-11-11 14:33:04,294 [INFO] IPUIPlugin:80 - create IPUIPlugin
2023-11-11 14:33:04,294 [INFO] PluginManager:220 - loadIPPluginJar : add ipddr
2023-11-11 14:33:04,300 [INFO] IPUIPlugin:80 - create IPUIPlugin
2023-11-11 14:33:04,301 [INFO] PluginManager:220 - loadIPPluginJar : add linkedlist
2023-11-11 14:33:04,303 [INFO] IPUIPlugin:80 - create IPUIPlugin
2023-11-11 14:33:04,303 [INFO] PluginManager:220 - loadIPPluginJar : add lorawan
2023-11-11 14:33:04,304 [INFO] IPUIPlugin:80 - create IPUIPlugin
2023-11-11 14:33:04,304 [INFO] PluginManager:220 - loadIPPluginJar : add ltdc
2023-11-11 14:33:04,310 [INFO] IPUIPlugin:80 - create IPUIPlugin
2023-11-11 14:33:04,310 [INFO] PluginManager:220 - loadIPPluginJar : add mdma
2023-11-11 14:33:04,313 [INFO] IPUIPlugin:80 - create IPUIPlugin
2023-11-11 14:33:04,313 [INFO] PluginManager:220 - loadIPPluginJar : add nvic
2023-11-11 14:33:04,315 [INFO] IPUIPlugin:80 - create IPUIPlugin
2023-11-11 14:33:04,315 [INFO] PluginManager:220 - loadIPPluginJar : add opamp
2023-11-11 14:33:04,318 [INFO] IPUIPlugin:80 - create IPUIPlugin
2023-11-11 14:33:04,318 [INFO] PluginManager:220 - loadIPPluginJar : add openamp
2023-11-11 14:33:04,321 [INFO] IPUIPlugin:80 - create IPUIPlugin
2023-11-11 14:33:04,321 [INFO] PluginManager:220 - loadIPPluginJar : add pdm2pcm
2023-11-11 14:33:04,328 [INFO] IPUIPlugin:80 - create IPUIPlugin
2023-11-11 14:33:04,331 [INFO] PluginManager:220 - loadIPPluginJar : add plateformsettings
2023-11-11 14:33:04,332 [INFO] IPUIPlugin:80 - create IPUIPlugin
2023-11-11 14:33:04,332 [INFO] PluginManager:220 - loadIPPluginJar : add quadspi
2023-11-11 14:33:04,335 [INFO] IPUIPlugin:80 - create IPUIPlugin
2023-11-11 14:33:04,335 [INFO] PluginManager:220 - loadIPPluginJar : add resmgrutility
2023-11-11 14:33:04,337 [INFO] IPUIPlugin:80 - create IPUIPlugin
2023-11-11 14:33:04,337 [INFO] PluginManager:220 - loadIPPluginJar : add sai
2023-11-11 14:33:04,340 [INFO] IPUIPlugin:80 - create IPUIPlugin
2023-11-11 14:33:04,340 [INFO] PluginManager:220 - loadIPPluginJar : add spi
2023-11-11 14:33:04,345 [INFO] IPUIPlugin:80 - create IPUIPlugin
2023-11-11 14:33:04,345 [INFO] PluginManager:220 - loadIPPluginJar : add stm32_wpan
2023-11-11 14:33:04,347 [INFO] IPUIPlugin:80 - create IPUIPlugin
2023-11-11 14:33:04,347 [INFO] PluginManager:220 - loadIPPluginJar : add tim
2023-11-11 14:33:04,350 [INFO] IPUIPlugin:80 - create IPUIPlugin
2023-11-11 14:33:04,350 [INFO] PluginManager:220 - loadIPPluginJar : add touchsensing
2023-11-11 14:33:04,351 [INFO] IPUIPlugin:80 - create IPUIPlugin
2023-11-11 14:33:04,351 [INFO] PluginManager:220 - loadIPPluginJar : add tracer_emb
2023-11-11 14:33:04,353 [INFO] IPUIPlugin:80 - create IPUIPlugin
2023-11-11 14:33:04,353 [INFO] PluginManager:220 - loadIPPluginJar : add ts
2023-11-11 14:33:04,355 [INFO] IPUIPlugin:80 - create IPUIPlugin
2023-11-11 14:33:04,355 [INFO] PluginManager:220 - loadIPPluginJar : add tsc
2023-11-11 14:33:04,357 [INFO] IPUIPlugin:80 - create IPUIPlugin
2023-11-11 14:33:04,357 [INFO] PluginManager:220 - loadIPPluginJar : add ucpd
2023-11-11 14:33:04,360 [INFO] IPUIPlugin:80 - create IPUIPlugin
2023-11-11 14:33:04,360 [INFO] PluginManager:220 - loadIPPluginJar : add usart
2023-11-11 14:33:04,363 [INFO] IPUIPlugin:80 - create IPUIPlugin
2023-11-11 14:33:04,363 [INFO] PluginManager:220 - loadIPPluginJar : add usbx
2023-11-11 14:33:04,497 [INFO] CADModel:165 - CPN selected for project level
2023-11-11 14:33:04,497 [INFO] CADModel:114 - Register for checkConnection events
2023-11-11 14:33:04,497 [FATAL] Updater:308 - Updater called before beeing initialized
2023-11-11 14:33:04,497 [ERROR] CADModel:125 - Updater not yet initialized, retry later 
2023-11-11 14:33:04,614 [INFO] CADModel:165 - CPN selected for project level
2023-11-11 14:33:04,614 [INFO] CADModel:114 - Register for checkConnection events
2023-11-11 14:33:04,614 [FATAL] Updater:308 - Updater called before beeing initialized
2023-11-11 14:33:04,614 [ERROR] CADModel:125 - Updater not yet initialized, retry later 
2023-11-11 14:33:04,618 [FATAL] Updater:308 - Updater called before beeing initialized
2023-11-11 14:33:04,751 [FATAL] Updater:308 - Updater called before beeing initialized
2023-11-11 14:33:04,758 [INFO] DbMcusAds:53 - JSON generation date=Tue Mar 07 15:50:55 ICT 2023 (1678179055335)
2023-11-11 14:33:04,758 [FATAL] Updater:308 - Updater called before beeing initialized
2023-11-11 14:33:04,800 [WARN] DetailPanel:346 - Failed to get advertising image, set to default
2023-11-11 14:33:04,917 [FATAL] Updater:308 - Updater called before beeing initialized
2023-11-11 14:33:04,919 [FATAL] Updater:308 - Updater called before beeing initialized
2023-11-11 14:33:04,919 [FATAL] Updater:308 - Updater called before beeing initialized
2023-11-11 14:33:04,919 [WARN] DetailPanel:346 - Failed to get advertising image, set to default
2023-11-11 14:33:04,920 [FATAL] Updater:308 - Updater called before beeing initialized
2023-11-11 14:33:04,982 [ERROR] Updater:1120 - MainUpdater not yet initialized. External WinMGr cannot be set.
2023-11-11 14:33:04,985 [INFO] Updater:1056 - Updater Version found : 6.9.2
2023-11-11 14:33:05,008 [INFO] ApplicationProperties:184 - Using Application install path: C:\ST\STM32CubeIDE_1.13.2\STM32CubeIDE\plugins\com.st.stm32cube.common.mx_6.9.2.202309101412
2023-11-11 14:33:05,449 [INFO] MainUpdater:2868 - connection check result : 10
2023-11-11 14:33:05,450 [INFO] MainUpdater:285 - Updater Check For Update Now.
2023-11-11 14:33:05,450 [INFO] MicroXplorer:498 - Change Database Version : DB.6.0.92
2023-11-11 14:33:05,458 [INFO] McuFinderGlobals:63 - Set McuFinder mode to 2 (CubeIDE integrated)
2023-11-11 14:33:05,813 [INFO] CheckServerUpdateThread:120 - End of CheckServer Thread
2023-11-11 14:33:06,878 [WARN] PackLoader:240 - Cannot read IP mode file for STMicroelectronics.X-CUBE-SMBUS.2.1.0
2023-11-11 14:33:06,917 [WARN] PackLoader:240 - Cannot read IP mode file for STMicroelectronics.X-CUBE-AZRTOS-F7.1.1.0
2023-11-11 14:33:06,932 [WARN] PackLoader:240 - Cannot read IP mode file for STMicroelectronics.FP-SNS-MOTENV1.4.3.2
2023-11-11 14:33:06,942 [WARN] PackLoader:240 - Cannot read IP mode file for STMicroelectronics.FP-SNS-FLIGHT1.5.0.2
2023-11-11 14:33:06,953 [WARN] PackLoader:240 - Cannot read IP mode file for STMicroelectronics.X-CUBE-DISPLAY.3.0.0
2023-11-11 14:33:06,968 [WARN] PackLoader:240 - Cannot read IP mode file for STMicroelectronics.X-CUBE-BLE1.7.0.0
2023-11-11 14:33:06,977 [WARN] PackLoader:240 - Cannot read IP mode file for emotas.I-CUBE-CANOPEN.1.3.0
2023-11-11 14:33:06,983 [WARN] PackLoader:240 - Cannot read IP mode file for STMicroelectronics.X-CUBE-TOUCHGFX.4.22.0
2023-11-11 14:33:06,986 [WARN] PackLoader:240 - Cannot read IP mode file for STMicroelectronics.X-CUBE-TOUCHGFX.4.22.1
2023-11-11 14:33:06,991 [WARN] PackLoader:240 - Cannot read IP mode file for STMicroelectronics.FP-SNS-SMARTAG2.1.2.0
2023-11-11 14:33:07,012 [INFO] LogOutputStream:77 - [STDOUT_REDIRECT] 1 : Invalid condition id : UX_CORESTACK_Condition cause : null
2023-11-11 14:33:07,013 [INFO] LogOutputStream:77 - [STDOUT_REDIRECT] 1 : Invalid condition id : UX_CORESTACK_Condition cause : null
2023-11-11 14:33:07,015 [INFO] LogOutputStream:77 - [STDOUT_REDIRECT] 1 : Invalid condition id : UX_CORESTACK_Condition cause : null
2023-11-11 14:33:07,016 [INFO] LogOutputStream:77 - [STDOUT_REDIRECT] 1 : Invalid condition id : UX_CORESTACK_Condition cause : null
2023-11-11 14:33:07,018 [INFO] LogOutputStream:77 - [STDOUT_REDIRECT] 1 : Invalid condition id : UX_CORESTACK_Condition cause : null
2023-11-11 14:33:07,025 [WARN] PackLoader:240 - Cannot read IP mode file for STMicroelectronics.X-CUBE-AZRTOS-WL.2.0.0
2023-11-11 14:33:07,037 [WARN] PackLoader:240 - Cannot read IP mode file for WES.I-CUBE-Cesium.1.3.0
2023-11-11 14:33:07,044 [WARN] PackLoader:240 - Cannot read IP mode file for STMicroelectronics.X-CUBE-BLE2.3.3.0
2023-11-11 14:33:07,054 [WARN] PackLoader:240 - Cannot read IP mode file for STMicroelectronics.X-CUBE-ALGOBUILD.1.3.0
2023-11-11 14:33:07,081 [WARN] PackLoader:240 - Cannot read IP mode file for STMicroelectronics.X-CUBE-AZRTOS-G0.1.1.0
2023-11-11 14:33:07,091 [WARN] PackLoader:240 - Cannot read IP mode file for STMicroelectronics.X-CUBE-NFC4.3.0.0
2023-11-11 14:33:07,105 [WARN] PackLoader:240 - Cannot read IP mode file for STMicroelectronics.X-CUBE-BLEMGR.3.0.0
2023-11-11 14:33:07,113 [WARN] PackLoader:240 - Cannot read IP mode file for STMicroelectronics.FP-ATR-SIGFOX1.3.2.0
2023-11-11 14:33:07,168 [WARN] PackLoader:240 - Cannot read IP mode file for SEGGER.I-CUBE-embOS.1.3.1
2023-11-11 14:33:07,228 [WARN] PackLoader:240 - Cannot read IP mode file for STMicroelectronics.X-CUBE-GNSS1.6.0.0
2023-11-11 14:33:07,248 [WARN] PackLoader:240 - Cannot read IP mode file for STMicroelectronics.X-CUBE-AZRTOS-F4.1.1.0
2023-11-11 14:33:07,256 [WARN] PackLoader:240 - Cannot read IP mode file for wolfSSL.I-CUBE-wolfSSL.5.6.3
2023-11-11 14:33:07,272 [WARN] PackLoader:240 - Cannot read IP mode file for STMicroelectronics.X-CUBE-AZRTOS-L5.2.0.0
2023-11-11 14:33:07,313 [WARN] PackLoader:240 - Cannot read IP mode file for STMicroelectronics.X-CUBE-MEMS1.9.6.0
2023-11-11 14:33:07,502 [WARN] PackLoader:240 - Cannot read IP mode file for STMicroelectronics.X-CUBE-EEPRMA1.4.2.0
2023-11-11 14:33:07,510 [WARN] PackLoader:240 - Cannot read IP mode file for ITTIA_DB.I-CUBE-ITTIADB.8.8.0
2023-11-11 14:33:07,518 [WARN] PackLoader:240 - Cannot read IP mode file for STMicroelectronics.X-CUBE-BLEMGR.2.0.0
2023-11-11 14:33:07,538 [WARN] ConditionMgr:438 - getConditionDescription Invalid condition id : UX DEVICE CLASS RTOS Condition cause : null
2023-11-11 14:33:07,539 [WARN] ConditionMgr:438 - getConditionDescription Invalid condition id : UX DEVICE CLASS RTOS Condition cause : null
2023-11-11 14:33:07,544 [WARN] PackLoader:240 - Cannot read IP mode file for STMicroelectronics.X-CUBE-AZRTOS-H7.3.1.0
2023-11-11 14:33:07,546 [WARN] ConditionMgr:1039 - genDependencies : Invalid condition id : UX DEVICE CLASS RTOS Condition cause : null
2023-11-11 14:33:07,546 [WARN] ConditionMgr:1039 - genDependencies : Invalid condition id : UX DEVICE CLASS RTOS Condition cause : null
2023-11-11 14:33:07,547 [WARN] ConditionMgr:1039 - genDependencies : Invalid condition id : UX DEVICE CLASS RTOS Condition cause : null
2023-11-11 14:33:07,548 [WARN] ConditionMgr:1039 - genDependencies : Invalid condition id : UX DEVICE CLASS RTOS Condition cause : null
2023-11-11 14:33:07,548 [WARN] ConditionMgr:1039 - genDependencies : Invalid condition id : UX DEVICE CLASS RTOS Condition cause : null
2023-11-11 14:33:07,558 [WARN] PackLoader:240 - Cannot read IP mode file for STMicroelectronics.X-CUBE-NFC7.1.0.1
2023-11-11 14:33:07,567 [WARN] PackLoader:240 - Cannot read IP mode file for STMicroelectronics.X-CUBE-NFC6.3.0.0
2023-11-11 14:33:07,576 [WARN] PackLoader:240 - Cannot read IP mode file for STMicroelectronics.X-CUBE-EEPRMA1.4.1.0
2023-11-11 14:33:07,580 [WARN] PackLoader:240 - Cannot read IP mode file for STMicroelectronics.X-CUBE-AI.8.1.0
2023-11-11 14:33:07,598 [WARN] ConditionMgr:438 - getConditionDescription Invalid condition id : LAN8742 Phy interface Condition cause : null
2023-11-11 14:33:07,599 [WARN] PackLoader:240 - Cannot read IP mode file for STMicroelectronics.X-CUBE-AZRTOS-L4.2.0.0
2023-11-11 14:33:07,600 [WARN] ConditionMgr:1039 - genDependencies : Invalid condition id : LAN8742 Phy interface Condition cause : null
2023-11-11 14:33:07,601 [WARN] ConditionMgr:1039 - genDependencies : Invalid condition id : LAN8742 Phy interface Condition cause : null
2023-11-11 14:33:07,610 [WARN] ConditionMgr:1039 - genDependencies : Invalid condition id : LAN8742 Phy interface Condition cause : null
2023-11-11 14:33:07,622 [WARN] PackLoader:240 - Cannot read IP mode file for STMicroelectronics.X-CUBE-SFXS2LP1.4.0.0
2023-11-11 14:33:07,631 [WARN] PackLoader:240 - Cannot read IP mode file for STMicroelectronics.X-CUBE-ISPU.1.1.0
2023-11-11 14:33:07,648 [WARN] ConditionMgr:438 - getConditionDescription Invalid condition id : UX DEVICE CLASS RTOS Condition cause : null
2023-11-11 14:33:07,648 [WARN] ConditionMgr:438 - getConditionDescription Invalid condition id : UX DEVICE CLASS RTOS Condition cause : null
2023-11-11 14:33:07,652 [WARN] PackLoader:240 - Cannot read IP mode file for STMicroelectronics.X-CUBE-AZRTOS-WB.2.0.0
2023-11-11 14:33:07,652 [WARN] ConditionMgr:1039 - genDependencies : Invalid condition id : UX DEVICE CLASS RTOS Condition cause : null
2023-11-11 14:33:07,652 [WARN] ConditionMgr:1039 - genDependencies : Invalid condition id : UX DEVICE CLASS RTOS Condition cause : null
2023-11-11 14:33:07,653 [WARN] ConditionMgr:1039 - genDependencies : Invalid condition id : UX DEVICE CLASS RTOS Condition cause : null
2023-11-11 14:33:07,653 [WARN] ConditionMgr:1039 - genDependencies : Invalid condition id : UX DEVICE CLASS RTOS Condition cause : null
2023-11-11 14:33:07,653 [WARN] ConditionMgr:1039 - genDependencies : Invalid condition id : UX DEVICE CLASS RTOS Condition cause : null
2023-11-11 14:33:07,670 [WARN] PackLoader:240 - Cannot read IP mode file for STMicroelectronics.X-CUBE-SUBG2.5.0.0
2023-11-11 14:33:07,691 [WARN] PackLoader:240 - Cannot read IP mode file for STMicroelectronics.X-CUBE-TOF1.3.3.1
2023-11-11 14:33:07,722 [WARN] PackLoader:240 - Cannot read IP mode file for STMicroelectronics.X-CUBE-AZRTOS-G4.2.0.0
2023-11-11 14:33:07,739 [WARN] PackLoader:240 - Cannot read IP mode file for Infineon.AIROC-Wi-Fi-Bluetooth-STM32.1.5.1
2023-11-11 14:33:07,792 [WARN] PackLoader:240 - Cannot read IP mode file for STMicroelectronics.X-CUBE-MEMS1.10.0.0
2023-11-11 14:33:07,968 [WARN] PackLoader:240 - Cannot read IP mode file for STMicroelectronics.X-CUBE-FREERTOS.1.1.0
2023-11-11 14:33:07,977 [WARN] PackLoader:240 - Cannot read IP mode file for portGmbH.I-Cube-SoM-uGOAL.1.1.0
2023-11-11 14:33:07,984 [WARN] PackLoader:240 - Cannot read IP mode file for STMicroelectronics.X-CUBE-ALS.1.0.1
2023-11-11 14:33:07,991 [WARN] PackLoader:240 - Cannot read IP mode file for STMicroelectronics.FP-ATR-ASTRA1.2.0.0
2023-11-11 14:33:07,992 [INFO] ThirdParty:978 - Integrity check success = true
2023-11-11 14:33:07,993 [INFO] IntegrityCheckThread:100 - exiting critical section [integrity check]
2023-11-11 14:33:07,993 [INFO] IntegrityCheckThread:103 - End integrity checks thread
2023-11-11 14:33:26,644 [ERROR] LogOutputStream:75 - [STDERR_REDIRECT] SLF4J: Failed to load class "org.slf4j.impl.StaticLoggerBinder".
2023-11-11 14:33:26,644 [ERROR] LogOutputStream:75 - [STDERR_REDIRECT] SLF4J: Defaulting to no-operation (NOP) logger implementation
2023-11-11 14:33:26,647 [ERROR] LogOutputStream:75 - [STDERR_REDIRECT] SLF4J: See http://www.slf4j.org/codes.html#StaticLoggerBinder for further details.
